<?xml version="1.0" encoding="UTF-8"?>
<!-- Generated by org.testng.reporters.JUnitReportReporter -->
<testsuite name="test.failures.ChildTest" tests="1" time="0.045" ignored="0" failures="0" timestamp="25 二月 2017 13:57:36 GMT" skipped="0" hostname="PEI-PC" errors="0">
  <testcase name="childTest" time="0.045" classname="test.failures.ChildTest"/>
</testsuite> <!-- test.failures.ChildTest -->
