<?xml version="1.0" encoding="UTF-8"?>
<!-- Generated by org.testng.reporters.JUnitReportReporter -->
<testsuite name="test.failures.ChildTest" tests="6" time="107.050" ignored="0" failures="0" timestamp="26 二月 2017 01:19:10 GMT" skipped="0" hostname="PEI-PC" errors="0">
  <testcase name="childTest" time="87.622" classname="test.failures.ChildTest"/>
  <testcase name="test01" time="0.195" classname="test.failures.ChildTest"/>
  <testcase name="test01" time="0.180" classname="test.failures.ChildTest"/>
  <testcase name="test01" time="17.932" classname="test.failures.ChildTest"/>
  <testcase name="test01" time="0.927" classname="test.failures.ChildTest"/>
  <testcase name="test01" time="0.194" classname="test.failures.ChildTest"/>
</testsuite> <!-- test.failures.ChildTest -->
